{
  "RSpec": {
    "coverage": {
      "/Users/lappy/turing/1mod/projects/enigma/spec/encrypter_spec.rb": {
        "lines": [
          1,
          1,
          null,
          1,
          1,
          7,
          null,
          null,
          1,
          1,
          null,
          null,
          1,
          1,
          null,
          null,
          1,
          1,
          null,
          null,
          1,
          1,
          null,
          null,
          1,
          1,
          null,
          null,
          1,
          1,
          null,
          null,
          1,
          1,
          null,
          null
        ]
      },
      "/Users/lappy/turing/1mod/projects/enigma/lib/encrypter.rb": {
        "lines": [
          1,
          1,
          10,
          10,
          10,
          10,
          null,
          null,
          1,
          4,
          44,
          44,
          0,
          null,
          null,
          4,
          4,
          null,
          null,
          1,
          225,
          1125,
          null,
          null,
          1,
          225,
          225,
          225,
          null,
          null,
          1,
          280,
          null,
          null,
          1,
          6,
          6,
          66,
          null,
          null,
          null,
          1,
          5,
          5,
          15,
          55,
          55,
          null,
          null,
          5,
          null,
          null
        ]
      },
      "/Users/lappy/turing/1mod/projects/enigma/spec/decrypter_spec.rb": {
        "lines": [
          1,
          1,
          null,
          1,
          1,
          7,
          null,
          null,
          1,
          1,
          null,
          null,
          1,
          1,
          null,
          null,
          1,
          1,
          null,
          null,
          1,
          1,
          null,
          null,
          1,
          1,
          1,
          null,
          null,
          1,
          1,
          1,
          null,
          null,
          1,
          1,
          null,
          null
        ]
      },
      "/Users/lappy/turing/1mod/projects/enigma/lib/decrypter.rb": {
        "lines": [
          1,
          1,
          9,
          9,
          9,
          9,
          null,
          null,
          1,
          3,
          33,
          33,
          0,
          null,
          null,
          3,
          3,
          null,
          null,
          1,
          181,
          905,
          null,
          null,
          1,
          181,
          181,
          181,
          null,
          null,
          1,
          225,
          null,
          null,
          1,
          5,
          5,
          55,
          null,
          null,
          null,
          1,
          4,
          4,
          12,
          44,
          44,
          null,
          null,
          4,
          null,
          null
        ]
      },
      "/Users/lappy/turing/1mod/projects/enigma/spec/enigma_spec.rb": {
        "lines": [
          1,
          1,
          null,
          1,
          1,
          8,
          null,
          null,
          1,
          1,
          null,
          null,
          1,
          1,
          null,
          null,
          1,
          1,
          null,
          null,
          1,
          1,
          1,
          null,
          null,
          1,
          1,
          1,
          null,
          null,
          1,
          1,
          null,
          null,
          1,
          null,
          1,
          null,
          null,
          null,
          1,
          null,
          null,
          1,
          1,
          null,
          null,
          null,
          null,
          null,
          null,
          null,
          null,
          null
        ]
      },
      "/Users/lappy/turing/1mod/projects/enigma/lib/enigma.rb": {
        "lines": [
          1,
          1,
          1,
          1,
          null,
          1,
          1,
          8,
          8,
          null,
          null,
          1,
          3,
          null,
          null,
          1,
          2,
          null,
          null,
          1,
          0,
          null,
          null
        ]
      },
      "/Users/lappy/turing/1mod/projects/enigma/lib/cracker.rb": {
        "lines": [
          1,
          1,
          8,
          8,
          8,
          null,
          null,
          1,
          1,
          15,
          15,
          0,
          null,
          null,
          1,
          1,
          null,
          null,
          1,
          9,
          9,
          9,
          null,
          null,
          1,
          10,
          2,
          8,
          2,
          6,
          0,
          6,
          null,
          null,
          2,
          2,
          2,
          2,
          2,
          8,
          8,
          null,
          2,
          8,
          8,
          null,
          2,
          8,
          8,
          null,
          2,
          8,
          8,
          null,
          2,
          2,
          8,
          32,
          128,
          512,
          null,
          null,
          null,
          null,
          2,
          512,
          2048,
          null,
          null,
          2,
          512,
          null,
          2,
          null,
          null,
          1,
          54,
          54,
          270,
          54,
          54,
          null,
          null,
          1,
          112,
          112,
          1086,
          null,
          null,
          null,
          1,
          3,
          3,
          12,
          45,
          45,
          null,
          null,
          3,
          null,
          null
        ]
      },
      "/Users/lappy/turing/1mod/projects/enigma/spec/cracker_spec.rb": {
        "lines": [
          1,
          1,
          null,
          1,
          1,
          8,
          null,
          null,
          1,
          1,
          null,
          null,
          1,
          1,
          null,
          null,
          1,
          1,
          null,
          null,
          1,
          1,
          null,
          null,
          1,
          1,
          null,
          null,
          1,
          1,
          1,
          null,
          null,
          1,
          1,
          1,
          null,
          null,
          1,
          1,
          null,
          null
        ]
      }
    },
    "timestamp": 1655237909
  }
}
