{
  "RSpec": {
    "coverage": {
      "/Users/lappy/turing/1mod/projects/enigma/spec/encrypter_spec.rb": {
        "lines": [
          1,
          1,
          null,
          1,
          1,
          8,
          8,
          null,
          null,
          1,
          1,
          null,
          null,
          1,
          1,
          null,
          null,
          1,
          1,
          null,
          null,
          1,
          1,
          null,
          null,
          1,
          1,
          null,
          null,
          1,
          1,
          null,
          null,
          1,
          1,
          null,
          null,
          1,
          1,
          null,
          null
        ]
      },
      "/Users/lappy/turing/1mod/projects/enigma/lib/encrypter.rb": {
        "lines": [
          1,
          1,
          1,
          1,
          19,
          19,
          19,
          19,
          null,
          null,
          1,
          5,
          56,
          55,
          1,
          null,
          null,
          5,
          5,
          null,
          null,
          1,
          6,
          6,
          18,
          67,
          67,
          null,
          null,
          6,
          null,
          null
        ]
      },
      "/Users/lappy/turing/1mod/projects/enigma/lib/calculable.rb": {
        "lines": [
          1,
          1,
          494,
          2470,
          null,
          null,
          1,
          511,
          511,
          511,
          null,
          null,
          1,
          615,
          null,
          null,
          1,
          195,
          195,
          1859,
          null,
          null,
          null
        ]
      },
      "/Users/lappy/turing/1mod/projects/enigma/spec/decrypter_spec.rb": {
        "lines": [
          1,
          1,
          null,
          1,
          1,
          8,
          8,
          null,
          null,
          1,
          1,
          null,
          null,
          1,
          1,
          null,
          null,
          1,
          1,
          null,
          null,
          1,
          1,
          null,
          null,
          1,
          1,
          1,
          null,
          null,
          1,
          1,
          1,
          null,
          null,
          1,
          1,
          null,
          null,
          1,
          1,
          null,
          null
        ]
      },
      "/Users/lappy/turing/1mod/projects/enigma/lib/decrypter.rb": {
        "lines": [
          1,
          1,
          1,
          1,
          18,
          18,
          18,
          18,
          null,
          null,
          1,
          4,
          45,
          44,
          1,
          null,
          null,
          4,
          4,
          null,
          null,
          1,
          5,
          5,
          15,
          56,
          56,
          null,
          null,
          5,
          null,
          null
        ]
      },
      "/Users/lappy/turing/1mod/projects/enigma/spec/enigma_spec.rb": {
        "lines": [
          1,
          1,
          null,
          1,
          1,
          7,
          null,
          null,
          1,
          1,
          null,
          null,
          1,
          1,
          null,
          null,
          1,
          1,
          null,
          null,
          1,
          1,
          1,
          null,
          null,
          1,
          1,
          1,
          null,
          null,
          1,
          1,
          null,
          null,
          1,
          null,
          1,
          null,
          null,
          null,
          1,
          null,
          null,
          null,
          null,
          null,
          null,
          null,
          null,
          null,
          null,
          null,
          null,
          null
        ]
      },
      "/Users/lappy/turing/1mod/projects/enigma/lib/enigma.rb": {
        "lines": [
          1,
          1,
          1,
          1,
          null,
          1,
          1,
          7,
          7,
          null,
          null,
          1,
          3,
          null,
          null,
          1,
          2,
          null,
          null,
          1,
          1,
          null,
          null
        ]
      },
      "/Users/lappy/turing/1mod/projects/enigma/lib/cracker.rb": {
        "lines": [
          1,
          1,
          1,
          1,
          19,
          19,
          19,
          null,
          null,
          1,
          3,
          42,
          41,
          1,
          null,
          null,
          3,
          3,
          null,
          null,
          1,
          20,
          4,
          16,
          5,
          11,
          null,
          null,
          4,
          4,
          4,
          4,
          4,
          16,
          16,
          null,
          4,
          16,
          16,
          null,
          4,
          16,
          16,
          null,
          4,
          15,
          15,
          null,
          4,
          4,
          16,
          64,
          256,
          960,
          null,
          null,
          null,
          null,
          4,
          960,
          3840,
          null,
          null,
          4,
          960,
          null,
          4,
          null,
          null,
          1,
          88,
          88,
          440,
          88,
          88,
          null,
          null,
          1,
          5,
          5,
          19,
          72,
          72,
          null,
          null,
          5,
          null,
          null
        ]
      },
      "/Users/lappy/turing/1mod/projects/enigma/spec/cracker_spec.rb": {
        "lines": [
          1,
          1,
          null,
          1,
          1,
          9,
          9,
          null,
          null,
          1,
          1,
          null,
          null,
          1,
          1,
          null,
          null,
          1,
          1,
          null,
          null,
          1,
          1,
          null,
          null,
          1,
          1,
          null,
          null,
          1,
          1,
          1,
          null,
          null,
          1,
          1,
          1,
          null,
          null,
          1,
          1,
          null,
          null,
          1,
          1,
          null,
          null
        ]
      }
    },
    "timestamp": 1655247035
  }
}
